[2025-05-26T13:34:33.593Z] Log level: Info
[2025-05-26T13:34:33.601Z] [info] Validating found git in: git
[2025-05-26T13:34:33.637Z] [info] Using git 2.25.1 from git
[2025-05-26T13:34:33.686Z] > git rev-parse --show-toplevel [32ms]
[2025-05-26T13:34:33.696Z] > git rev-parse --git-dir --git-common-dir [2ms]
[2025-05-26T13:34:33.704Z] [info] Open repository: /root
[2025-05-26T13:34:33.727Z] > git status -z -uall [15ms]
[2025-05-26T13:34:33.755Z] > git symbolic-ref --short HEAD [23ms]
[2025-05-26T13:34:33.767Z] > git for-each-ref --format=%(refname)%00%(upstream:short)%00%(objectname)%00%(upstream:track)%00%(upstream:remotename)%00%(upstream:remoteref) refs/heads/master refs/remotes/master [7ms]
[2025-05-26T13:34:33.788Z] > git for-each-ref --sort -committerdate --format %(refname) %(objectname) %(*objectname) [16ms]
[2025-05-26T13:34:33.790Z] > git remote --verbose [12ms]
[2025-05-26T13:34:33.814Z] > git config --get commit.template [12ms]
[2025-05-26T13:34:33.832Z] > git status -z -uall [12ms]
[2025-05-26T13:34:33.839Z] > git symbolic-ref --short HEAD [1ms]
[2025-05-26T13:34:33.845Z] > git for-each-ref --format=%(refname)%00%(upstream:short)%00%(objectname)%00%(upstream:track)%00%(upstream:remotename)%00%(upstream:remoteref) refs/heads/master refs/remotes/master [3ms]
[2025-05-26T13:34:33.853Z] > git for-each-ref --sort -committerdate --format %(refname) %(objectname) %(*objectname) [4ms]
[2025-05-26T13:34:33.855Z] > git remote --verbose [3ms]
[2025-05-26T13:34:33.864Z] > git config --get commit.template [3ms]
[2025-05-26T13:34:34.267Z] > git show --textconv :mult/mult.cpp [6ms]
[2025-05-26T13:34:34.268Z] > git ls-files --stage -- /root/mult/mult.cpp [1ms]
[2025-05-26T13:34:34.275Z] > git cat-file -s 5766881bdc15166bae4107f1f90b7083486ee890 [2ms]
[2025-05-26T13:34:34.416Z] > git check-ignore -v -z --stdin [2ms]
[2025-05-26T13:34:38.202Z] > git status -z -uall [7ms]
[2025-05-26T13:34:38.208Z] > git symbolic-ref --short HEAD [2ms]
[2025-05-26T13:34:38.214Z] > git for-each-ref --format=%(refname)%00%(upstream:short)%00%(objectname)%00%(upstream:track)%00%(upstream:remotename)%00%(upstream:remoteref) refs/heads/master refs/remotes/master [2ms]
[2025-05-26T13:34:38.223Z] > git for-each-ref --sort -committerdate --format %(refname) %(objectname) %(*objectname) [5ms]
[2025-05-26T13:34:38.223Z] > git remote --verbose [1ms]
[2025-05-26T13:34:38.231Z] > git config --get commit.template [2ms]
[2025-05-26T13:34:38.901Z] > git check-ignore -v -z --stdin [1ms]
[2025-05-26T13:34:43.245Z] > git status -z -uall [7ms]
[2025-05-26T13:34:43.251Z] > git symbolic-ref --short HEAD [2ms]
[2025-05-26T13:34:43.257Z] > git for-each-ref --format=%(refname)%00%(upstream:short)%00%(objectname)%00%(upstream:track)%00%(upstream:remotename)%00%(upstream:remoteref) refs/heads/master refs/remotes/master [2ms]
[2025-05-26T13:34:43.266Z] > git for-each-ref --sort -committerdate --format %(refname) %(objectname) %(*objectname) [5ms]
[2025-05-26T13:34:43.267Z] > git remote --verbose [2ms]
[2025-05-26T13:34:43.274Z] > git config --get commit.template [1ms]
[2025-05-26T13:34:44.061Z] > git check-ignore -v -z --stdin [2ms]
[2025-05-26T13:34:48.288Z] > git status -z -uall [7ms]
[2025-05-26T13:34:48.295Z] > git symbolic-ref --short HEAD [2ms]
[2025-05-26T13:34:48.301Z] > git for-each-ref --format=%(refname)%00%(upstream:short)%00%(objectname)%00%(upstream:track)%00%(upstream:remotename)%00%(upstream:remoteref) refs/heads/master refs/remotes/master [2ms]
[2025-05-26T13:34:48.309Z] > git for-each-ref --sort -committerdate --format %(refname) %(objectname) %(*objectname) [4ms]
[2025-05-26T13:34:48.310Z] > git remote --verbose [1ms]
[2025-05-26T13:34:48.318Z] > git config --get commit.template [2ms]
[2025-05-26T13:34:53.330Z] > git status -z -uall [7ms]
[2025-05-26T13:34:53.336Z] > git symbolic-ref --short HEAD [2ms]
[2025-05-26T13:34:53.341Z] > git for-each-ref --format=%(refname)%00%(upstream:short)%00%(objectname)%00%(upstream:track)%00%(upstream:remotename)%00%(upstream:remoteref) refs/heads/master refs/remotes/master [2ms]
[2025-05-26T13:34:53.350Z] > git for-each-ref --sort -committerdate --format %(refname) %(objectname) %(*objectname) [5ms]
[2025-05-26T13:34:53.350Z] > git remote --verbose [1ms]
[2025-05-26T13:34:53.359Z] > git config --get commit.template [2ms]
[2025-05-26T13:34:53.400Z] > git ls-files --stage -- /root/mult/mult.cpp [2ms]
[2025-05-26T13:34:53.405Z] > git cat-file -s af3d16a93fe982e0d7e0f37139185153c6f16ffc [2ms]
[2025-05-26T13:34:53.438Z] > git show --textconv :mult/mult.cpp [2ms]
[2025-05-26T13:34:58.370Z] > git status -z -uall [7ms]
[2025-05-26T13:34:58.376Z] > git symbolic-ref --short HEAD [2ms]
[2025-05-26T13:34:58.382Z] > git for-each-ref --format=%(refname)%00%(upstream:short)%00%(objectname)%00%(upstream:track)%00%(upstream:remotename)%00%(upstream:remoteref) refs/heads/master refs/remotes/master [2ms]
[2025-05-26T13:34:58.389Z] > git for-each-ref --sort -committerdate --format %(refname) %(objectname) %(*objectname) [4ms]
[2025-05-26T13:34:58.390Z] > git remote --verbose [1ms]
[2025-05-26T13:34:58.397Z] > git config --get commit.template [1ms]
[2025-05-26T13:35:03.410Z] > git status -z -uall [7ms]
[2025-05-26T13:35:03.415Z] > git symbolic-ref --short HEAD [1ms]
[2025-05-26T13:35:03.421Z] > git for-each-ref --format=%(refname)%00%(upstream:short)%00%(objectname)%00%(upstream:track)%00%(upstream:remotename)%00%(upstream:remoteref) refs/heads/master refs/remotes/master [2ms]
[2025-05-26T13:35:03.428Z] > git for-each-ref --sort -committerdate --format %(refname) %(objectname) %(*objectname) [4ms]
[2025-05-26T13:35:03.429Z] > git remote --verbose [2ms]
[2025-05-26T13:35:03.437Z] > git config --get commit.template [2ms]
[2025-05-26T13:35:08.448Z] > git status -z -uall [7ms]
[2025-05-26T13:35:08.453Z] > git symbolic-ref --short HEAD [1ms]
[2025-05-26T13:35:08.459Z] > git for-each-ref --format=%(refname)%00%(upstream:short)%00%(objectname)%00%(upstream:track)%00%(upstream:remotename)%00%(upstream:remoteref) refs/heads/master refs/remotes/master [2ms]
[2025-05-26T13:35:08.466Z] > git for-each-ref --sort -committerdate --format %(refname) %(objectname) %(*objectname) [4ms]
[2025-05-26T13:35:08.467Z] > git remote --verbose [2ms]
[2025-05-26T13:35:08.474Z] > git config --get commit.template [2ms]
[2025-05-26T13:35:11.766Z] > git ls-files --stage -- /root/mult/mult.cpp [2ms]
[2025-05-26T13:35:11.771Z] > git cat-file -s af3d16a93fe982e0d7e0f37139185153c6f16ffc [2ms]
[2025-05-26T13:35:11.814Z] > git show --textconv :mult/mult.cpp [3ms]
[2025-05-26T13:35:13.487Z] > git status -z -uall [7ms]
[2025-05-26T13:35:13.493Z] > git symbolic-ref --short HEAD [3ms]
[2025-05-26T13:35:13.499Z] > git for-each-ref --format=%(refname)%00%(upstream:short)%00%(objectname)%00%(upstream:track)%00%(upstream:remotename)%00%(upstream:remoteref) refs/heads/master refs/remotes/master [2ms]
[2025-05-26T13:35:13.507Z] > git for-each-ref --sort -committerdate --format %(refname) %(objectname) %(*objectname) [3ms]
[2025-05-26T13:35:13.507Z] > git remote --verbose [1ms]
[2025-05-26T13:35:13.516Z] > git config --get commit.template [1ms]
[2025-05-26T13:35:18.529Z] > git status -z -uall [7ms]
[2025-05-26T13:35:18.534Z] > git symbolic-ref --short HEAD [1ms]
[2025-05-26T13:35:18.540Z] > git for-each-ref --format=%(refname)%00%(upstream:short)%00%(objectname)%00%(upstream:track)%00%(upstream:remotename)%00%(upstream:remoteref) refs/heads/master refs/remotes/master [2ms]
[2025-05-26T13:35:18.548Z] > git for-each-ref --sort -committerdate --format %(refname) %(objectname) %(*objectname) [4ms]
[2025-05-26T13:35:18.549Z] > git remote --verbose [1ms]
[2025-05-26T13:35:18.555Z] > git config --get commit.template [2ms]
[2025-05-26T13:35:23.566Z] > git status -z -uall [6ms]
[2025-05-26T13:35:23.572Z] > git symbolic-ref --short HEAD [2ms]
[2025-05-26T13:35:23.578Z] > git for-each-ref --format=%(refname)%00%(upstream:short)%00%(objectname)%00%(upstream:track)%00%(upstream:remotename)%00%(upstream:remoteref) refs/heads/master refs/remotes/master [2ms]
[2025-05-26T13:35:23.585Z] > git for-each-ref --sort -committerdate --format %(refname) %(objectname) %(*objectname) [3ms]
[2025-05-26T13:35:23.586Z] > git remote --verbose [1ms]
[2025-05-26T13:35:23.592Z] > git config --get commit.template [1ms]
[2025-05-26T13:35:28.604Z] > git status -z -uall [7ms]
[2025-05-26T13:35:28.610Z] > git symbolic-ref --short HEAD [2ms]
[2025-05-26T13:35:28.615Z] > git for-each-ref --format=%(refname)%00%(upstream:short)%00%(objectname)%00%(upstream:track)%00%(upstream:remotename)%00%(upstream:remoteref) refs/heads/master refs/remotes/master [2ms]
[2025-05-26T13:35:28.622Z] > git for-each-ref --sort -committerdate --format %(refname) %(objectname) %(*objectname) [3ms]
[2025-05-26T13:35:28.623Z] > git remote --verbose [1ms]
[2025-05-26T13:35:28.630Z] > git config --get commit.template [2ms]
[2025-05-26T13:35:33.642Z] > git status -z -uall [7ms]
[2025-05-26T13:35:33.648Z] > git symbolic-ref --short HEAD [2ms]
[2025-05-26T13:35:33.653Z] > git for-each-ref --format=%(refname)%00%(upstream:short)%00%(objectname)%00%(upstream:track)%00%(upstream:remotename)%00%(upstream:remoteref) refs/heads/master refs/remotes/master [2ms]
[2025-05-26T13:35:33.661Z] > git for-each-ref --sort -committerdate --format %(refname) %(objectname) %(*objectname) [4ms]
[2025-05-26T13:35:33.662Z] > git remote --verbose [2ms]
[2025-05-26T13:35:33.669Z] > git config --get commit.template [2ms]
[2025-05-26T13:35:38.681Z] > git status -z -uall [7ms]
[2025-05-26T13:35:38.686Z] > git symbolic-ref --short HEAD [1ms]
[2025-05-26T13:35:38.692Z] > git for-each-ref --format=%(refname)%00%(upstream:short)%00%(objectname)%00%(upstream:track)%00%(upstream:remotename)%00%(upstream:remoteref) refs/heads/master refs/remotes/master [2ms]
[2025-05-26T13:35:38.701Z] > git for-each-ref --sort -committerdate --format %(refname) %(objectname) %(*objectname) [4ms]
[2025-05-26T13:35:38.703Z] > git remote --verbose [1ms]
[2025-05-26T13:35:38.709Z] > git config --get commit.template [2ms]
[2025-05-26T13:36:00.505Z] > git status -z -uall [7ms]
[2025-05-26T13:36:00.510Z] > git symbolic-ref --short HEAD [2ms]
[2025-05-26T13:36:00.515Z] > git for-each-ref --format=%(refname)%00%(upstream:short)%00%(objectname)%00%(upstream:track)%00%(upstream:remotename)%00%(upstream:remoteref) refs/heads/master refs/remotes/master [2ms]
[2025-05-26T13:36:00.523Z] > git for-each-ref --sort -committerdate --format %(refname) %(objectname) %(*objectname) [4ms]
[2025-05-26T13:36:00.524Z] > git remote --verbose [2ms]
[2025-05-26T13:36:00.530Z] > git config --get commit.template [1ms]
[2025-05-26T13:36:05.543Z] > git status -z -uall [7ms]
[2025-05-26T13:36:05.549Z] > git symbolic-ref --short HEAD [2ms]
[2025-05-26T13:36:05.554Z] > git for-each-ref --format=%(refname)%00%(upstream:short)%00%(objectname)%00%(upstream:track)%00%(upstream:remotename)%00%(upstream:remoteref) refs/heads/master refs/remotes/master [2ms]
[2025-05-26T13:36:05.562Z] > git for-each-ref --sort -committerdate --format %(refname) %(objectname) %(*objectname) [4ms]
[2025-05-26T13:36:05.562Z] > git remote --verbose [1ms]
[2025-05-26T13:36:05.569Z] > git config --get commit.template [2ms]
[2025-05-26T13:37:49.412Z] > git status -z -uall [7ms]
[2025-05-26T13:37:49.417Z] > git symbolic-ref --short HEAD [1ms]
[2025-05-26T13:37:49.423Z] > git for-each-ref --format=%(refname)%00%(upstream:short)%00%(objectname)%00%(upstream:track)%00%(upstream:remotename)%00%(upstream:remoteref) refs/heads/master refs/remotes/master [2ms]
[2025-05-26T13:37:49.432Z] > git for-each-ref --sort -committerdate --format %(refname) %(objectname) %(*objectname) [5ms]
[2025-05-26T13:37:49.433Z] > git remote --verbose [2ms]
[2025-05-26T13:37:49.439Z] > git config --get commit.template [2ms]
[2025-05-26T13:37:54.451Z] > git status -z -uall [6ms]
[2025-05-26T13:37:54.458Z] > git symbolic-ref --short HEAD [2ms]
[2025-05-26T13:37:54.463Z] > git for-each-ref --format=%(refname)%00%(upstream:short)%00%(objectname)%00%(upstream:track)%00%(upstream:remotename)%00%(upstream:remoteref) refs/heads/master refs/remotes/master [2ms]
[2025-05-26T13:37:54.470Z] > git for-each-ref --sort -committerdate --format %(refname) %(objectname) %(*objectname) [4ms]
[2025-05-26T13:37:54.471Z] > git remote --verbose [1ms]
[2025-05-26T13:37:54.477Z] > git config --get commit.template [1ms]
[2025-05-26T13:37:58.720Z] > git check-ignore -v -z --stdin [2ms]
[2025-05-26T13:37:59.488Z] > git status -z -uall [7ms]
[2025-05-26T13:37:59.495Z] > git symbolic-ref --short HEAD [3ms]
[2025-05-26T13:37:59.500Z] > git for-each-ref --format=%(refname)%00%(upstream:short)%00%(objectname)%00%(upstream:track)%00%(upstream:remotename)%00%(upstream:remoteref) refs/heads/master refs/remotes/master [2ms]
[2025-05-26T13:37:59.508Z] > git for-each-ref --sort -committerdate --format %(refname) %(objectname) %(*objectname) [4ms]
[2025-05-26T13:37:59.509Z] > git remote --verbose [1ms]
[2025-05-26T13:37:59.515Z] > git config --get commit.template [1ms]
[2025-05-26T13:38:04.528Z] > git status -z -uall [7ms]
[2025-05-26T13:38:04.533Z] > git symbolic-ref --short HEAD [2ms]
[2025-05-26T13:38:04.538Z] > git for-each-ref --format=%(refname)%00%(upstream:short)%00%(objectname)%00%(upstream:track)%00%(upstream:remotename)%00%(upstream:remoteref) refs/heads/master refs/remotes/master [1ms]
[2025-05-26T13:38:04.546Z] > git for-each-ref --sort -committerdate --format %(refname) %(objectname) %(*objectname) [4ms]
[2025-05-26T13:38:04.546Z] > git remote --verbose [1ms]
[2025-05-26T13:38:04.553Z] > git config --get commit.template [1ms]
[2025-05-26T13:38:19.079Z] > git status -z -uall [7ms]
[2025-05-26T13:38:19.085Z] > git symbolic-ref --short HEAD [2ms]
[2025-05-26T13:38:19.090Z] > git for-each-ref --format=%(refname)%00%(upstream:short)%00%(objectname)%00%(upstream:track)%00%(upstream:remotename)%00%(upstream:remoteref) refs/heads/master refs/remotes/master [2ms]
[2025-05-26T13:38:19.098Z] > git for-each-ref --sort -committerdate --format %(refname) %(objectname) %(*objectname) [4ms]
[2025-05-26T13:38:19.099Z] > git remote --verbose [2ms]
[2025-05-26T13:38:19.105Z] > git config --get commit.template [1ms]
[2025-05-26T13:38:24.116Z] > git status -z -uall [6ms]
[2025-05-26T13:38:24.122Z] > git symbolic-ref --short HEAD [2ms]
[2025-05-26T13:38:24.127Z] > git for-each-ref --format=%(refname)%00%(upstream:short)%00%(objectname)%00%(upstream:track)%00%(upstream:remotename)%00%(upstream:remoteref) refs/heads/master refs/remotes/master [2ms]
[2025-05-26T13:38:24.135Z] > git for-each-ref --sort -committerdate --format %(refname) %(objectname) %(*objectname) [4ms]
[2025-05-26T13:38:24.136Z] > git remote --verbose [1ms]
[2025-05-26T13:38:24.142Z] > git config --get commit.template [1ms]
[2025-05-26T13:38:29.153Z] > git status -z -uall [6ms]
[2025-05-26T13:38:29.159Z] > git symbolic-ref --short HEAD [2ms]
[2025-05-26T13:38:29.164Z] > git for-each-ref --format=%(refname)%00%(upstream:short)%00%(objectname)%00%(upstream:track)%00%(upstream:remotename)%00%(upstream:remoteref) refs/heads/master refs/remotes/master [2ms]
[2025-05-26T13:38:29.172Z] > git for-each-ref --sort -committerdate --format %(refname) %(objectname) %(*objectname) [4ms]
[2025-05-26T13:38:29.173Z] > git remote --verbose [2ms]
[2025-05-26T13:38:29.179Z] > git config --get commit.template [2ms]
[2025-05-26T13:38:34.190Z] > git status -z -uall [6ms]
[2025-05-26T13:38:34.196Z] > git symbolic-ref --short HEAD [2ms]
[2025-05-26T13:38:34.202Z] > git for-each-ref --format=%(refname)%00%(upstream:short)%00%(objectname)%00%(upstream:track)%00%(upstream:remotename)%00%(upstream:remoteref) refs/heads/master refs/remotes/master [1ms]
[2025-05-26T13:38:34.210Z] > git for-each-ref --sort -committerdate --format %(refname) %(objectname) %(*objectname) [3ms]
[2025-05-26T13:38:34.210Z] > git remote --verbose [1ms]
[2025-05-26T13:38:34.216Z] > git config --get commit.template [1ms]
[2025-05-26T13:41:19.966Z] > git status -z -uall [7ms]
[2025-05-26T13:41:19.972Z] > git symbolic-ref --short HEAD [2ms]
[2025-05-26T13:41:19.978Z] > git for-each-ref --format=%(refname)%00%(upstream:short)%00%(objectname)%00%(upstream:track)%00%(upstream:remotename)%00%(upstream:remoteref) refs/heads/master refs/remotes/master [2ms]
[2025-05-26T13:41:19.985Z] > git for-each-ref --sort -committerdate --format %(refname) %(objectname) %(*objectname) [4ms]
[2025-05-26T13:41:19.986Z] > git remote --verbose [2ms]
[2025-05-26T13:41:19.992Z] > git config --get commit.template [2ms]
[2025-05-26T13:41:56.488Z] > git status -z -uall [7ms]
[2025-05-26T13:41:56.493Z] > git symbolic-ref --short HEAD [1ms]
[2025-05-26T13:41:56.499Z] > git for-each-ref --format=%(refname)%00%(upstream:short)%00%(objectname)%00%(upstream:track)%00%(upstream:remotename)%00%(upstream:remoteref) refs/heads/master refs/remotes/master [2ms]
[2025-05-26T13:41:56.506Z] > git for-each-ref --sort -committerdate --format %(refname) %(objectname) %(*objectname) [4ms]
[2025-05-26T13:41:56.507Z] > git remote --verbose [2ms]
[2025-05-26T13:41:56.513Z] > git config --get commit.template [1ms]
[2025-05-26T13:41:59.896Z] > git ls-files --stage -- /root/mult/mult.cpp [2ms]
[2025-05-26T13:41:59.902Z] > git cat-file -s af3d16a93fe982e0d7e0f37139185153c6f16ffc [1ms]
[2025-05-26T13:41:59.937Z] > git show --textconv :mult/mult.cpp [2ms]
[2025-05-26T13:42:01.526Z] > git status -z -uall [7ms]
[2025-05-26T13:42:01.532Z] > git symbolic-ref --short HEAD [2ms]
[2025-05-26T13:42:01.537Z] > git for-each-ref --format=%(refname)%00%(upstream:short)%00%(objectname)%00%(upstream:track)%00%(upstream:remotename)%00%(upstream:remoteref) refs/heads/master refs/remotes/master [2ms]
[2025-05-26T13:42:01.544Z] > git for-each-ref --sort -committerdate --format %(refname) %(objectname) %(*objectname) [4ms]
[2025-05-26T13:42:01.545Z] > git remote --verbose [1ms]
[2025-05-26T13:42:01.552Z] > git config --get commit.template [2ms]
[2025-05-26T13:42:04.711Z] > git ls-files --stage -- /root/mult/mult.cpp [2ms]
[2025-05-26T13:42:04.716Z] > git cat-file -s af3d16a93fe982e0d7e0f37139185153c6f16ffc [2ms]
[2025-05-26T13:42:04.749Z] > git show --textconv :mult/mult.cpp [3ms]
[2025-05-26T13:42:07.261Z] > git status -z -uall [6ms]
[2025-05-26T13:42:07.267Z] > git symbolic-ref --short HEAD [2ms]
[2025-05-26T13:42:07.272Z] > git for-each-ref --format=%(refname)%00%(upstream:short)%00%(objectname)%00%(upstream:track)%00%(upstream:remotename)%00%(upstream:remoteref) refs/heads/master refs/remotes/master [2ms]
[2025-05-26T13:42:07.279Z] > git for-each-ref --sort -committerdate --format %(refname) %(objectname) %(*objectname) [3ms]
[2025-05-26T13:42:07.280Z] > git remote --verbose [1ms]
[2025-05-26T13:42:07.287Z] > git config --get commit.template [2ms]
