[2025-05-26T12:30:36.359Z] Log level: Info
[2025-05-26T12:30:36.367Z] [info] Validating found git in: git
[2025-05-26T12:30:36.404Z] [info] Using git 2.25.1 from git
[2025-05-26T12:30:36.452Z] > git rev-parse --show-toplevel [32ms]
[2025-05-26T12:30:36.462Z] > git rev-parse --git-dir --git-common-dir [2ms]
[2025-05-26T12:30:36.470Z] [info] Open repository: /root
[2025-05-26T12:30:36.486Z] > git status -z -uall [8ms]
[2025-05-26T12:30:36.492Z] > git symbolic-ref --short HEAD [2ms]
[2025-05-26T12:30:36.520Z] > git for-each-ref --format=%(refname)%00%(upstream:short)%00%(objectname)%00%(upstream:track)%00%(upstream:remotename)%00%(upstream:remoteref) refs/heads/master refs/remotes/master [23ms]
[2025-05-26T12:30:36.530Z] > git for-each-ref --sort -committerdate --format %(refname) %(objectname) %(*objectname) [5ms]
[2025-05-26T12:30:36.536Z] > git remote --verbose [7ms]
[2025-05-26T12:30:36.562Z] > git config --get commit.template [11ms]
[2025-05-26T12:30:36.595Z] > git status -z -uall [27ms]
[2025-05-26T12:30:36.610Z] > git symbolic-ref --short HEAD [11ms]
[2025-05-26T12:30:36.616Z] > git for-each-ref --format=%(refname)%00%(upstream:short)%00%(objectname)%00%(upstream:track)%00%(upstream:remotename)%00%(upstream:remoteref) refs/heads/master refs/remotes/master [2ms]
[2025-05-26T12:30:36.624Z] > git for-each-ref --sort -committerdate --format %(refname) %(objectname) %(*objectname) [4ms]
[2025-05-26T12:30:36.636Z] > git remote --verbose [13ms]
[2025-05-26T12:30:36.647Z] > git config --get commit.template [3ms]
[2025-05-26T12:30:37.060Z] > git show --textconv :mult/mult.cpp [5ms]
[2025-05-26T12:30:37.062Z] > git ls-files --stage -- /root/mult/mult.cpp [2ms]
[2025-05-26T12:30:37.068Z] > git cat-file -s 5766881bdc15166bae4107f1f90b7083486ee890 [2ms]
[2025-05-26T12:30:37.186Z] > git check-ignore -v -z --stdin [2ms]
[2025-05-26T12:30:40.809Z] > git status -z -uall [7ms]
[2025-05-26T12:30:40.815Z] > git symbolic-ref --short HEAD [2ms]
[2025-05-26T12:30:40.821Z] > git for-each-ref --format=%(refname)%00%(upstream:short)%00%(objectname)%00%(upstream:track)%00%(upstream:remotename)%00%(upstream:remoteref) refs/heads/master refs/remotes/master [2ms]
[2025-05-26T12:30:40.828Z] > git for-each-ref --sort -committerdate --format %(refname) %(objectname) %(*objectname) [4ms]
[2025-05-26T12:30:40.829Z] > git remote --verbose [1ms]
[2025-05-26T12:30:40.838Z] > git config --get commit.template [1ms]
[2025-05-26T12:30:45.850Z] > git status -z -uall [7ms]
[2025-05-26T12:30:45.855Z] > git symbolic-ref --short HEAD [2ms]
[2025-05-26T12:30:45.860Z] > git for-each-ref --format=%(refname)%00%(upstream:short)%00%(objectname)%00%(upstream:track)%00%(upstream:remotename)%00%(upstream:remoteref) refs/heads/master refs/remotes/master [2ms]
[2025-05-26T12:30:45.867Z] > git for-each-ref --sort -committerdate --format %(refname) %(objectname) %(*objectname) [4ms]
[2025-05-26T12:30:45.868Z] > git remote --verbose [2ms]
[2025-05-26T12:30:45.876Z] > git config --get commit.template [2ms]
[2025-05-26T12:30:50.888Z] > git status -z -uall [7ms]
[2025-05-26T12:30:50.893Z] > git symbolic-ref --short HEAD [2ms]
[2025-05-26T12:30:50.898Z] > git for-each-ref --format=%(refname)%00%(upstream:short)%00%(objectname)%00%(upstream:track)%00%(upstream:remotename)%00%(upstream:remoteref) refs/heads/master refs/remotes/master [2ms]
[2025-05-26T12:30:50.905Z] > git for-each-ref --sort -committerdate --format %(refname) %(objectname) %(*objectname) [4ms]
[2025-05-26T12:30:50.906Z] > git remote --verbose [2ms]
[2025-05-26T12:30:50.915Z] > git config --get commit.template [1ms]
[2025-05-26T12:30:55.926Z] > git status -z -uall [6ms]
[2025-05-26T12:30:55.931Z] > git symbolic-ref --short HEAD [2ms]
[2025-05-26T12:30:55.936Z] > git for-each-ref --format=%(refname)%00%(upstream:short)%00%(objectname)%00%(upstream:track)%00%(upstream:remotename)%00%(upstream:remoteref) refs/heads/master refs/remotes/master [1ms]
[2025-05-26T12:30:55.943Z] > git for-each-ref --sort -committerdate --format %(refname) %(objectname) %(*objectname) [3ms]
[2025-05-26T12:30:55.944Z] > git remote --verbose [2ms]
[2025-05-26T12:30:55.952Z] > git config --get commit.template [2ms]
[2025-05-26T12:31:00.962Z] > git status -z -uall [6ms]
[2025-05-26T12:31:00.968Z] > git symbolic-ref --short HEAD [2ms]
[2025-05-26T12:31:00.973Z] > git for-each-ref --format=%(refname)%00%(upstream:short)%00%(objectname)%00%(upstream:track)%00%(upstream:remotename)%00%(upstream:remoteref) refs/heads/master refs/remotes/master [2ms]
[2025-05-26T12:31:00.979Z] > git for-each-ref --sort -committerdate --format %(refname) %(objectname) %(*objectname) [3ms]
[2025-05-26T12:31:00.980Z] > git remote --verbose [1ms]
[2025-05-26T12:31:00.988Z] > git config --get commit.template [2ms]
[2025-05-26T12:31:06.000Z] > git status -z -uall [7ms]
[2025-05-26T12:31:06.006Z] > git symbolic-ref --short HEAD [2ms]
[2025-05-26T12:31:06.011Z] > git for-each-ref --format=%(refname)%00%(upstream:short)%00%(objectname)%00%(upstream:track)%00%(upstream:remotename)%00%(upstream:remoteref) refs/heads/master refs/remotes/master [2ms]
[2025-05-26T12:31:06.017Z] > git for-each-ref --sort -committerdate --format %(refname) %(objectname) %(*objectname) [3ms]
[2025-05-26T12:31:06.018Z] > git remote --verbose [1ms]
[2025-05-26T12:31:06.027Z] > git config --get commit.template [1ms]
[2025-05-26T12:31:11.038Z] > git status -z -uall [6ms]
[2025-05-26T12:31:11.044Z] > git symbolic-ref --short HEAD [2ms]
[2025-05-26T12:31:11.049Z] > git for-each-ref --format=%(refname)%00%(upstream:short)%00%(objectname)%00%(upstream:track)%00%(upstream:remotename)%00%(upstream:remoteref) refs/heads/master refs/remotes/master [2ms]
[2025-05-26T12:31:11.056Z] > git for-each-ref --sort -committerdate --format %(refname) %(objectname) %(*objectname) [4ms]
[2025-05-26T12:31:11.057Z] > git remote --verbose [2ms]
[2025-05-26T12:31:11.067Z] > git config --get commit.template [2ms]
[2025-05-26T12:31:11.869Z] > git -c user.useConfigOnly=true commit --quiet --allow-empty-message --file - [6ms]
[2025-05-26T12:31:11.880Z] > git status -z -uall [6ms]
[2025-05-26T12:31:11.886Z] > git symbolic-ref --short HEAD [2ms]
[2025-05-26T12:31:11.891Z] > git for-each-ref --format=%(refname)%00%(upstream:short)%00%(objectname)%00%(upstream:track)%00%(upstream:remotename)%00%(upstream:remoteref) refs/heads/master refs/remotes/master [2ms]
[2025-05-26T12:31:11.898Z] > git for-each-ref --sort -committerdate --format %(refname) %(objectname) %(*objectname) [3ms]
[2025-05-26T12:31:11.899Z] > git remote --verbose [1ms]
[2025-05-26T12:31:11.908Z] > git config --get commit.template [2ms]
[2025-05-26T12:31:11.916Z] > git config --get commit.template [1ms]
[2025-05-26T12:31:12.573Z] > git check-ignore -v -z --stdin [1ms]
[2025-05-26T12:31:13.133Z] > git ls-files --stage -- /root/mult/mult.cpp [3ms]
[2025-05-26T12:31:13.138Z] > git cat-file -s 5766881bdc15166bae4107f1f90b7083486ee890 [2ms]
[2025-05-26T12:31:13.172Z] > git show --textconv :mult/mult.cpp [2ms]
[2025-05-26T12:31:16.079Z] > git status -z -uall [6ms]
[2025-05-26T12:31:16.085Z] > git symbolic-ref --short HEAD [2ms]
[2025-05-26T12:31:16.090Z] > git for-each-ref --format=%(refname)%00%(upstream:short)%00%(objectname)%00%(upstream:track)%00%(upstream:remotename)%00%(upstream:remoteref) refs/heads/master refs/remotes/master [2ms]
[2025-05-26T12:31:16.097Z] > git for-each-ref --sort -committerdate --format %(refname) %(objectname) %(*objectname) [4ms]
[2025-05-26T12:31:16.098Z] > git remote --verbose [1ms]
[2025-05-26T12:31:16.106Z] > git config --get commit.template [2ms]
[2025-05-26T12:31:20.074Z] > git add -A -- . [9ms]
[2025-05-26T12:31:20.514Z] > git show --textconv :.git/COMMIT_EDITMSG [5ms]
[2025-05-26T12:31:20.515Z] > git ls-files --stage -- /root/.git/COMMIT_EDITMSG [1ms]
[2025-05-26T12:31:20.777Z] > git check-ignore -v -z --stdin [2ms]
[2025-05-26T12:31:21.300Z] > git ls-files --stage -- /root/.git/COMMIT_EDITMSG [2ms]
[2025-05-26T12:31:21.374Z] > git show --textconv :.git/COMMIT_EDITMSG [2ms]
[2025-05-26T12:47:46.281Z] > git check-ignore -v -z --stdin [2ms]
[2025-05-26T12:47:47.999Z] > git show --textconv :.gitconfig [4ms]
[2025-05-26T12:47:48.000Z] > git ls-files --stage -- /root/.gitconfig [1ms]
[2025-05-26T12:47:48.006Z] > git cat-file -s 7ed2d94b8d0ea690fce6c7c58bbb61c7228b68a9 [2ms]
[2025-05-26T12:47:48.277Z] > git show --textconv :.profile [5ms]
[2025-05-26T12:47:48.278Z] > git ls-files --stage -- /root/.profile [2ms]
[2025-05-26T12:47:48.284Z] > git cat-file -s c4c7402daf7ae66c19afdd13030901209f3d77fa [2ms]
[2025-05-26T12:47:50.838Z] > git show --textconv :mult/mult.cpp [4ms]
[2025-05-26T12:47:50.840Z] > git ls-files --stage -- /root/mult/mult.cpp [2ms]
[2025-05-26T12:47:50.845Z] > git cat-file -s 5766881bdc15166bae4107f1f90b7083486ee890 [2ms]
[2025-05-26T12:51:04.711Z] > git check-ignore -v -z --stdin [2ms]
[2025-05-26T12:52:02.517Z] > git show --textconv :mult/mult.cpp [4ms]
[2025-05-26T12:52:02.518Z] > git ls-files --stage -- /root/mult/mult.cpp [2ms]
[2025-05-26T12:52:02.523Z] > git cat-file -s 5766881bdc15166bae4107f1f90b7083486ee890 [2ms]
[2025-05-26T12:52:24.633Z] > git show --textconv :mult/mult.cpp [5ms]
[2025-05-26T12:52:24.634Z] > git ls-files --stage -- /root/mult/mult.cpp [1ms]
[2025-05-26T12:52:24.640Z] > git cat-file -s 5766881bdc15166bae4107f1f90b7083486ee890 [2ms]
[2025-05-26T13:20:48.357Z] > git status -z -uall [7ms]
[2025-05-26T13:20:48.363Z] > git symbolic-ref --short HEAD [2ms]
[2025-05-26T13:20:48.368Z] > git for-each-ref --format=%(refname)%00%(upstream:short)%00%(objectname)%00%(upstream:track)%00%(upstream:remotename)%00%(upstream:remoteref) refs/heads/master refs/remotes/master [2ms]
[2025-05-26T13:20:48.376Z] > git for-each-ref --sort -committerdate --format %(refname) %(objectname) %(*objectname) [4ms]
[2025-05-26T13:20:48.377Z] > git remote --verbose [2ms]
[2025-05-26T13:20:48.383Z] > git config --get commit.template [1ms]
[2025-05-26T13:20:49.039Z] > git check-ignore -v -z --stdin [2ms]
[2025-05-26T13:20:49.269Z] > git status -z -uall [7ms]
[2025-05-26T13:20:49.276Z] > git symbolic-ref --short HEAD [2ms]
[2025-05-26T13:20:49.281Z] > git for-each-ref --format=%(refname)%00%(upstream:short)%00%(objectname)%00%(upstream:track)%00%(upstream:remotename)%00%(upstream:remoteref) refs/heads/master refs/remotes/master [2ms]
[2025-05-26T13:20:49.289Z] > git for-each-ref --sort -committerdate --format %(refname) %(objectname) %(*objectname) [4ms]
[2025-05-26T13:20:49.290Z] > git remote --verbose [2ms]
[2025-05-26T13:20:49.297Z] > git config --get commit.template [1ms]
[2025-05-26T13:20:49.897Z] > git status -z -uall [6ms]
[2025-05-26T13:20:49.903Z] > git symbolic-ref --short HEAD [2ms]
[2025-05-26T13:20:49.908Z] > git for-each-ref --format=%(refname)%00%(upstream:short)%00%(objectname)%00%(upstream:track)%00%(upstream:remotename)%00%(upstream:remoteref) refs/heads/master refs/remotes/master [1ms]
[2025-05-26T13:20:49.917Z] > git for-each-ref --sort -committerdate --format %(refname) %(objectname) %(*objectname) [4ms]
[2025-05-26T13:20:49.918Z] > git remote --verbose [2ms]
[2025-05-26T13:20:49.924Z] > git config --get commit.template [2ms]
[2025-05-26T13:20:50.881Z] > git check-ignore -v -z --stdin [2ms]
[2025-05-26T13:20:54.923Z] > git status -z -uall [7ms]
[2025-05-26T13:20:54.928Z] > git symbolic-ref --short HEAD [2ms]
[2025-05-26T13:20:54.934Z] > git for-each-ref --format=%(refname)%00%(upstream:short)%00%(objectname)%00%(upstream:track)%00%(upstream:remotename)%00%(upstream:remoteref) refs/heads/master refs/remotes/master [2ms]
[2025-05-26T13:20:54.941Z] > git for-each-ref --sort -committerdate --format %(refname) %(objectname) %(*objectname) [4ms]
[2025-05-26T13:20:54.942Z] > git remote --verbose [2ms]
[2025-05-26T13:20:54.948Z] > git config --get commit.template [1ms]
